# JRE version: OpenJDK Runtime Environment (11.0.11) (build 11.0.11+0-b60-7590822)
# Java VM: OpenJDK 64-Bit Server VM (11.0.11+0-b60-7590822, mixed mode, tiered, compressed oops, g1 gc, linux-amd64)
Heap:
 garbage-first heap   total 241664K, used 123446K [0x0000000080000000, 0x0000000100000000)
  region size 1024K, 4 young (4096K), 2 survivors (2048K)
 Metaspace       used 127131K, capacity 131622K, committed 131748K, reserved 1163264K
  class space    used 15938K, capacity 17611K, committed 17664K, reserved 1048576K
GC Heap History (20 events):
Event: 2201,512 GC heap after
{Heap after GC invocations=115 (full 0):
 garbage-first heap   total 241664K, used 97205K [0x0000000080000000, 0x0000000100000000)
  region size 1024K, 2 young (2048K), 2 survivors (2048K)
 Metaspace       used 125739K, capacity 129651K, committed 130212K, reserved 1163264K
  class space    used 15699K, capacity 17167K, committed 17408K, reserved 1048576K
}
Event: 2201,560 GC heap before
{Heap before GC invocations=115 (full 0):
 garbage-first heap   total 241664K, used 105397K [0x0000000080000000, 0x0000000100000000)
  region size 1024K, 11 young (11264K), 2 survivors (2048K)
 Metaspace       used 125739K, capacity 129651K, committed 130212K, reserved 1163264K
  class space    used 15699K, capacity 17167K, committed 17408K, reserved 1048576K
}
Event: 2201,632 GC heap after
{Heap after GC invocations=116 (full 0):
 garbage-first heap   total 241664K, used 96940K [0x0000000080000000, 0x0000000100000000)
  region size 1024K, 2 young (2048K), 2 survivors (2048K)
 Metaspace       used 125739K, capacity 129651K, committed 130212K, reserved 1163264K
  class space    used 15699K, capacity 17167K, committed 17408K, reserved 1048576K
}
Event: 2202,437 GC heap before
{Heap before GC invocations=116 (full 0):
 garbage-first heap   total 241664K, used 127660K [0x0000000080000000, 0x0000000100000000)
  region size 1024K, 34 young (34816K), 2 survivors (2048K)
 Metaspace       used 125749K, capacity 129651K, committed 130212K, reserved 1163264K
  class space    used 15699K, capacity 17167K, committed 17408K, reserved 1048576K
}
Event: 2202,452 GC heap after
{Heap after GC invocations=117 (full 0):
 garbage-first heap   total 241664K, used 95916K [0x0000000080000000, 0x0000000100000000)
  region size 1024K, 1 young (1024K), 1 survivors (1024K)
 Metaspace       used 125749K, capacity 129651K, committed 130212K, reserved 1163264K
  class space    used 15699K, capacity 17167K, committed 17408K, reserved 1048576K
}
Event: 2281,669 GC heap before
{Heap before GC invocations=118 (full 0):
 garbage-first heap   total 241664K, used 194220K [0x0000000080000000, 0x0000000100000000)
  region size 1024K, 84 young (86016K), 1 survivors (1024K)
 Metaspace       used 125842K, capacity 129801K, committed 130468K, reserved 1163264K
  class space    used 15702K, capacity 17172K, committed 17408K, reserved 1048576K
}
Event: 2281,795 GC heap after
{Heap after GC invocations=119 (full 0):
 garbage-first heap   total 241664K, used 118201K [0x0000000080000000, 0x0000000100000000)
  region size 1024K, 11 young (11264K), 11 survivors (11264K)
 Metaspace       used 125842K, capacity 129801K, committed 130468K, reserved 1163264K
  class space    used 15702K, capacity 17172K, committed 17408K, reserved 1048576K
}
Event: 2281,809 GC heap before
{Heap before GC invocations=119 (full 0):
 garbage-first heap   total 241664K, used 119225K [0x0000000080000000, 0x0000000100000000)
  region size 1024K, 12 young (12288K), 11 survivors (11264K)
 Metaspace       used 125842K, capacity 129801K, committed 130468K, reserved 1163264K
  class space    used 15702K, capacity 17172K, committed 17408K, reserved 1048576K
}
Event: 2281,890 GC heap after
{Heap after GC invocations=120 (full 0):
 garbage-first heap   total 241664K, used 118993K [0x0000000080000000, 0x0000000100000000)
  region size 1024K, 2 young (2048K), 2 survivors (2048K)
 Metaspace       used 125842K, capacity 129801K, committed 130468K, reserved 1163264K
  class space    used 15702K, capacity 17172K, committed 17408K, reserved 1048576K
}
Event: 2281,914 GC heap before
{Heap before GC invocations=120 (full 0):
 garbage-first heap   total 241664K, used 121041K [0x0000000080000000, 0x0000000100000000)
  region size 1024K, 6 young (6144K), 2 survivors (2048K)
 Metaspace       used 125842K, capacity 129801K, committed 130468K, reserved 1163264K
  class space    used 15702K, capacity 17172K, committed 17408K, reserved 1048576K
}
Event: 2281,953 GC heap after
{Heap after GC invocations=121 (full 0):
 garbage-first heap   total 241664K, used 120806K [0x0000000080000000, 0x0000000100000000)
  region size 1024K, 4 young (4096K), 4 survivors (4096K)
 Metaspace       used 125842K, capacity 129801K, committed 130468K, reserved 1163264K
  class space    used 15702K, capacity 17172K, committed 17408K, reserved 1048576K
}
Event: 2286,025 GC heap before
{Heap before GC invocations=122 (full 0):
 garbage-first heap   total 241664K, used 190438K [0x0000000080000000, 0x0000000100000000)
  region size 1024K, 58 young (59392K), 4 survivors (4096K)
 Metaspace       used 125897K, capacity 129856K, committed 130468K, reserved 1163264K
  class space    used 15711K, capacity 17190K, committed 17408K, reserved 1048576K
}
Event: 2286,060 GC heap after
{Heap after GC invocations=123 (full 0):
 garbage-first heap   total 241664K, used 126492K [0x0000000080000000, 0x0000000100000000)
  region size 1024K, 8 young (8192K), 8 survivors (8192K)
 Metaspace       used 125897K, capacity 129856K, committed 130468K, reserved 1163264K
  class space    used 15711K, capacity 17190K, committed 17408K, reserved 1048576K
}
Event: 2286,084 GC heap before
{Heap before GC invocations=123 (full 0):
 garbage-first heap   total 241664K, used 129564K [0x0000000080000000, 0x0000000100000000)
  region size 1024K, 11 young (11264K), 8 survivors (8192K)
 Metaspace       used 125897K, capacity 129856K, committed 130468K, reserved 1163264K
  class space    used 15711K, capacity 17190K, committed 17408K, reserved 1048576K
}
Event: 2286,146 GC heap after
{Heap after GC invocations=124 (full 0):
 garbage-first heap   total 241664K, used 113817K [0x0000000080000000, 0x0000000100000000)
  region size 1024K, 1 young (1024K), 1 survivors (1024K)
 Metaspace       used 125897K, capacity 129856K, committed 130468K, reserved 1163264K
  class space    used 15711K, capacity 17190K, committed 17408K, reserved 1048576K
}
Event: 2286,844 GC heap before
{Heap before GC invocations=124 (full 0):
 garbage-first heap   total 241664K, used 135321K [0x0000000080000000, 0x0000000100000000)
  region size 1024K, 24 young (24576K), 1 survivors (1024K)
 Metaspace       used 125907K, capacity 129865K, committed 130468K, reserved 1163264K
  class space    used 15713K, capacity 17193K, committed 17408K, reserved 1048576K
}
Event: 2286,862 GC heap after
{Heap after GC invocations=125 (full 0):
 garbage-first heap   total 241664K, used 113764K [0x0000000080000000, 0x0000000100000000)
  region size 1024K, 1 young (1024K), 1 survivors (1024K)
 Metaspace       used 125907K, capacity 129865K, committed 130468K, reserved 1163264K
  class space    used 15713K, capacity 17193K, committed 17408K, reserved 1048576K
}
Event: 2564,370 GC heap before
{Heap before GC invocations=126 (full 0):
 garbage-first heap   total 241664K, used 191588K [0x0000000080000000, 0x0000000100000000)
  region size 1024K, 69 young (70656K), 1 survivors (1024K)
 Metaspace       used 127131K, capacity 131622K, committed 131748K, reserved 1163264K
  class space    used 15938K, capacity 17611K, committed 17664K, reserved 1048576K
}
Event: 2564,461 GC heap after
{Heap after GC invocations=127 (full 0):
 garbage-first heap   total 241664K, used 121398K [0x0000000080000000, 0x0000000100000000)
  region size 1024K, 9 young (9216K), 9 survivors (9216K)
 Metaspace       used 127131K, capacity 131622K, committed 131748K, reserved 1163264K
  class space    used 15938K, capacity 17611K, committed 17664K, reserved 1048576K
}
Event: 2564,492 GC heap before
{Heap before GC invocations=127 (full 0):
 garbage-first heap   total 241664K, used 123446K [0x0000000080000000, 0x0000000100000000)
  region size 1024K, 11 young (11264K), 9 survivors (9216K)
 Metaspace       used 127131K, capacity 131622K, committed 131748K, reserved 1163264K
  class space    used 15938K, capacity 17611K, committed 17664K, reserved 1048576K
}

