# JRE version: OpenJDK Runtime Environment (11.0.11) (build 11.0.11+0-b60-7590822)
# Java VM: OpenJDK 64-Bit Server VM (11.0.11+0-b60-7590822, mixed mode, tiered, compressed oops, g1 gc, linux-amd64)
Heap:
 garbage-first heap   total 268288K, used 161694K [0x0000000080000000, 0x0000000100000000)
  region size 1024K, 36 young (36864K), 14 survivors (14336K)
 Metaspace       used 124841K, capacity 128944K, committed 128976K, reserved 1161216K
  class space    used 15935K, capacity 17503K, committed 17516K, reserved 1048576K
GC Heap History (20 events):
Event: 13,197 GC heap before
{Heap before GC invocations=19 (full 0):
 garbage-first heap   total 268288K, used 200900K [0x0000000080000000, 0x0000000100000000)
  region size 1024K, 128 young (131072K), 15 survivors (15360K)
 Metaspace       used 98277K, capacity 100790K, committed 100812K, reserved 1136640K
  class space    used 12651K, capacity 13567K, committed 13568K, reserved 1048576K
}
Event: 13,223 GC heap after
{Heap after GC invocations=20 (full 0):
 garbage-first heap   total 268288K, used 94845K [0x0000000080000000, 0x0000000100000000)
  region size 1024K, 14 young (14336K), 14 survivors (14336K)
 Metaspace       used 98277K, capacity 100790K, committed 100812K, reserved 1136640K
  class space    used 12651K, capacity 13567K, committed 13568K, reserved 1048576K
}
Event: 22,462 GC heap before
{Heap before GC invocations=21 (full 0):
 garbage-first heap   total 268288K, used 216701K [0x0000000080000000, 0x0000000100000000)
  region size 1024K, 130 young (133120K), 14 survivors (14336K)
 Metaspace       used 108668K, capacity 111410K, committed 111568K, reserved 1146880K
  class space    used 13904K, capacity 14926K, committed 14956K, reserved 1048576K
}
Event: 22,541 GC heap after
{Heap after GC invocations=22 (full 0):
 garbage-first heap   total 268288K, used 106354K [0x0000000080000000, 0x0000000100000000)
  region size 1024K, 17 young (17408K), 17 survivors (17408K)
 Metaspace       used 108668K, capacity 111410K, committed 111568K, reserved 1146880K
  class space    used 13904K, capacity 14926K, committed 14956K, reserved 1048576K
}
Event: 24,433 GC heap before
{Heap before GC invocations=23 (full 0):
 garbage-first heap   total 268288K, used 213874K [0x0000000080000000, 0x0000000100000000)
  region size 1024K, 122 young (124928K), 17 survivors (17408K)
 Metaspace       used 116467K, capacity 120018K, committed 120272K, reserved 1153024K
  class space    used 15274K, capacity 16635K, committed 16748K, reserved 1048576K
}
Event: 24,458 GC heap after
{Heap after GC invocations=24 (full 0):
 garbage-first heap   total 268288K, used 102062K [0x0000000080000000, 0x0000000100000000)
  region size 1024K, 7 young (7168K), 7 survivors (7168K)
 Metaspace       used 116467K, capacity 120018K, committed 120272K, reserved 1153024K
  class space    used 15274K, capacity 16635K, committed 16748K, reserved 1048576K
}
Event: 223,552 GC heap before
{Heap before GC invocations=24 (full 0):
 garbage-first heap   total 268288K, used 232110K [0x0000000080000000, 0x0000000100000000)
  region size 1024K, 116 young (118784K), 7 survivors (7168K)
 Metaspace       used 121163K, capacity 124894K, committed 125136K, reserved 1157120K
  class space    used 15759K, capacity 17236K, committed 17260K, reserved 1048576K
}
Event: 223,607 GC heap after
{Heap after GC invocations=25 (full 0):
 garbage-first heap   total 268288K, used 105378K [0x0000000080000000, 0x0000000100000000)
  region size 1024K, 10 young (10240K), 10 survivors (10240K)
 Metaspace       used 121163K, capacity 124894K, committed 125136K, reserved 1157120K
  class space    used 15759K, capacity 17236K, committed 17260K, reserved 1048576K
}
Event: 879,788 GC heap before
{Heap before GC invocations=25 (full 0):
 garbage-first heap   total 268288K, used 215970K [0x0000000080000000, 0x0000000100000000)
  region size 1024K, 117 young (119808K), 10 survivors (10240K)
 Metaspace       used 122241K, capacity 126134K, committed 126288K, reserved 1159168K
  class space    used 15822K, capacity 17321K, committed 17388K, reserved 1048576K
}
Event: 879,842 GC heap after
{Heap after GC invocations=26 (full 0):
 garbage-first heap   total 268288K, used 108805K [0x0000000080000000, 0x0000000100000000)
  region size 1024K, 9 young (9216K), 9 survivors (9216K)
 Metaspace       used 122241K, capacity 126134K, committed 126288K, reserved 1159168K
  class space    used 15822K, capacity 17321K, committed 17388K, reserved 1048576K
}
Event: 1381,517 GC heap before
{Heap before GC invocations=26 (full 0):
 garbage-first heap   total 268288K, used 215301K [0x0000000080000000, 0x0000000100000000)
  region size 1024K, 112 young (114688K), 9 survivors (9216K)
 Metaspace       used 122965K, capacity 126856K, committed 127056K, reserved 1159168K
  class space    used 15855K, capacity 17359K, committed 17388K, reserved 1048576K
}
Event: 1381,553 GC heap after
{Heap after GC invocations=27 (full 0):
 garbage-first heap   total 268288K, used 105832K [0x0000000080000000, 0x0000000100000000)
  region size 1024K, 4 young (4096K), 4 survivors (4096K)
 Metaspace       used 122965K, capacity 126856K, committed 127056K, reserved 1159168K
  class space    used 15855K, capacity 17359K, committed 17388K, reserved 1048576K
}
Event: 1383,646 GC heap before
{Heap before GC invocations=27 (full 0):
 garbage-first heap   total 268288K, used 218472K [0x0000000080000000, 0x0000000100000000)
  region size 1024K, 113 young (115712K), 4 survivors (4096K)
 Metaspace       used 123682K, capacity 127654K, committed 127952K, reserved 1159168K
  class space    used 15885K, capacity 17416K, committed 17516K, reserved 1048576K
}
Event: 1383,671 GC heap after
{Heap after GC invocations=28 (full 0):
 garbage-first heap   total 268288K, used 111954K [0x0000000080000000, 0x0000000100000000)
  region size 1024K, 10 young (10240K), 10 survivors (10240K)
 Metaspace       used 123682K, capacity 127654K, committed 127952K, reserved 1159168K
  class space    used 15885K, capacity 17416K, committed 17516K, reserved 1048576K
}
Event: 1431,296 GC heap before
{Heap before GC invocations=28 (full 0):
 garbage-first heap   total 268288K, used 232786K [0x0000000080000000, 0x0000000100000000)
  region size 1024K, 113 young (115712K), 10 survivors (10240K)
 Metaspace       used 124110K, capacity 128207K, committed 128464K, reserved 1161216K
  class space    used 15897K, capacity 17434K, committed 17516K, reserved 1048576K
}
Event: 1431,312 GC heap after
{Heap after GC invocations=29 (full 0):
 garbage-first heap   total 268288K, used 116242K [0x0000000080000000, 0x0000000100000000)
  region size 1024K, 13 young (13312K), 13 survivors (13312K)
 Metaspace       used 124110K, capacity 128207K, committed 128464K, reserved 1161216K
  class space    used 15897K, capacity 17434K, committed 17516K, reserved 1048576K
}
Event: 2032,626 GC heap before
{Heap before GC invocations=29 (full 0):
 garbage-first heap   total 268288K, used 227858K [0x0000000080000000, 0x0000000100000000)
  region size 1024K, 109 young (111616K), 13 survivors (13312K)
 Metaspace       used 124524K, capacity 128634K, committed 128720K, reserved 1161216K
  class space    used 15918K, capacity 17474K, committed 17516K, reserved 1048576K
}
Event: 2032,652 GC heap after
{Heap after GC invocations=30 (full 0):
 garbage-first heap   total 268288K, used 108662K [0x0000000080000000, 0x0000000100000000)
  region size 1024K, 4 young (4096K), 4 survivors (4096K)
 Metaspace       used 124524K, capacity 128634K, committed 128720K, reserved 1161216K
  class space    used 15918K, capacity 17474K, committed 17516K, reserved 1048576K
}
Event: 2033,616 GC heap before
{Heap before GC invocations=30 (full 0):
 garbage-first heap   total 268288K, used 196726K [0x0000000080000000, 0x0000000100000000)
  region size 1024K, 77 young (78848K), 4 survivors (4096K)
 Metaspace       used 124779K, capacity 128934K, committed 128976K, reserved 1161216K
  class space    used 15934K, capacity 17502K, committed 17516K, reserved 1048576K
}
Event: 2033,690 GC heap after
{Heap after GC invocations=31 (full 0):
 garbage-first heap   total 268288K, used 137119K [0x0000000080000000, 0x0000000100000000)
  region size 1024K, 14 young (14336K), 14 survivors (14336K)
 Metaspace       used 124779K, capacity 128934K, committed 128976K, reserved 1161216K
  class space    used 15934K, capacity 17502K, committed 17516K, reserved 1048576K
}

