# JRE version: OpenJDK Runtime Environment (11.0.11) (build 11.0.11+0-b60-7590822)
# Java VM: OpenJDK 64-Bit Server VM (11.0.11+0-b60-7590822, mixed mode, tiered, compressed oops, g1 gc, linux-amd64)
Heap:
 garbage-first heap   total 425984K, used 134938K [0x0000000080000000, 0x0000000100000000)
  region size 1024K, 20 young (20480K), 3 survivors (3072K)
 Metaspace       used 130438K, capacity 134460K, committed 134980K, reserved 1167360K
  class space    used 16050K, capacity 17534K, committed 17688K, reserved 1048576K
GC Heap History (20 events):
Event: 1674,871 GC heap before
{Heap before GC invocations=134 (full 0):
 garbage-first heap   total 276480K, used 145734K [0x0000000080000000, 0x0000000100000000)
  region size 1024K, 13 young (13312K), 8 survivors (8192K)
 Metaspace       used 130235K, capacity 134349K, committed 134468K, reserved 1167360K
  class space    used 16082K, capacity 17596K, committed 17688K, reserved 1048576K
}
Event: 1674,917 GC heap after
{Heap after GC invocations=135 (full 0):
 garbage-first heap   total 276480K, used 123027K [0x0000000080000000, 0x0000000100000000)
  region size 1024K, 2 young (2048K), 2 survivors (2048K)
 Metaspace       used 130235K, capacity 134349K, committed 134468K, reserved 1167360K
  class space    used 16082K, capacity 17596K, committed 17688K, reserved 1048576K
}
Event: 1675,076 GC heap before
{Heap before GC invocations=135 (full 0):
 garbage-first heap   total 276480K, used 131219K [0x0000000080000000, 0x0000000100000000)
  region size 1024K, 11 young (11264K), 2 survivors (2048K)
 Metaspace       used 130263K, capacity 134351K, committed 134468K, reserved 1167360K
  class space    used 16082K, capacity 17596K, committed 17688K, reserved 1048576K
}
Event: 1675,098 GC heap after
{Heap after GC invocations=136 (full 0):
 garbage-first heap   total 276480K, used 122856K [0x0000000080000000, 0x0000000100000000)
  region size 1024K, 2 young (2048K), 2 survivors (2048K)
 Metaspace       used 130263K, capacity 134351K, committed 134468K, reserved 1167360K
  class space    used 16082K, capacity 17596K, committed 17688K, reserved 1048576K
}
Event: 1675,844 GC heap before
{Heap before GC invocations=136 (full 0):
 garbage-first heap   total 276480K, used 188392K [0x0000000080000000, 0x0000000100000000)
  region size 1024K, 68 young (69632K), 2 survivors (2048K)
 Metaspace       used 130341K, capacity 134480K, committed 134724K, reserved 1167360K
  class space    used 16082K, capacity 17596K, committed 17688K, reserved 1048576K
}
Event: 1675,879 GC heap after
{Heap after GC invocations=137 (full 0):
 garbage-first heap   total 425984K, used 125890K [0x0000000080000000, 0x0000000100000000)
  region size 1024K, 8 young (8192K), 8 survivors (8192K)
 Metaspace       used 130341K, capacity 134480K, committed 134724K, reserved 1167360K
  class space    used 16082K, capacity 17596K, committed 17688K, reserved 1048576K
}
Event: 1676,316 GC heap before
{Heap before GC invocations=138 (full 0):
 garbage-first heap   total 425984K, used 138178K [0x0000000080000000, 0x0000000100000000)
  region size 1024K, 20 young (20480K), 8 survivors (8192K)
 Metaspace       used 130411K, capacity 134557K, committed 134724K, reserved 1167360K
  class space    used 16082K, capacity 17596K, committed 17688K, reserved 1048576K
}
Event: 1676,326 GC heap after
{Heap after GC invocations=139 (full 0):
 garbage-first heap   total 425984K, used 122514K [0x0000000080000000, 0x0000000100000000)
  region size 1024K, 3 young (3072K), 3 survivors (3072K)
 Metaspace       used 130411K, capacity 134557K, committed 134724K, reserved 1167360K
  class space    used 16082K, capacity 17596K, committed 17688K, reserved 1048576K
}
Event: 1676,586 GC heap before
{Heap before GC invocations=139 (full 0):
 garbage-first heap   total 425984K, used 138898K [0x0000000080000000, 0x0000000100000000)
  region size 1024K, 20 young (20480K), 3 survivors (3072K)
 Metaspace       used 130428K, capacity 134562K, committed 134724K, reserved 1167360K
  class space    used 16082K, capacity 17596K, committed 17688K, reserved 1048576K
}
Event: 1676,611 GC heap after
{Heap after GC invocations=140 (full 0):
 garbage-first heap   total 425984K, used 125165K [0x0000000080000000, 0x0000000100000000)
  region size 1024K, 3 young (3072K), 3 survivors (3072K)
 Metaspace       used 130428K, capacity 134562K, committed 134724K, reserved 1167360K
  class space    used 16082K, capacity 17596K, committed 17688K, reserved 1048576K
}
Event: 1676,617 GC heap before
{Heap before GC invocations=140 (full 0):
 garbage-first heap   total 425984K, used 125165K [0x0000000080000000, 0x0000000100000000)
  region size 1024K, 4 young (4096K), 3 survivors (3072K)
 Metaspace       used 130428K, capacity 134562K, committed 134724K, reserved 1167360K
  class space    used 16082K, capacity 17596K, committed 17688K, reserved 1048576K
}
Event: 1676,633 GC heap after
{Heap after GC invocations=141 (full 0):
 garbage-first heap   total 425984K, used 125397K [0x0000000080000000, 0x0000000100000000)
  region size 1024K, 4 young (4096K), 4 survivors (4096K)
 Metaspace       used 130428K, capacity 134562K, committed 134724K, reserved 1167360K
  class space    used 16082K, capacity 17596K, committed 17688K, reserved 1048576K
}
Event: 1677,230 GC heap before
{Heap before GC invocations=141 (full 0):
 garbage-first heap   total 425984K, used 142805K [0x0000000080000000, 0x0000000100000000)
  region size 1024K, 20 young (20480K), 4 survivors (4096K)
 Metaspace       used 130441K, capacity 134568K, committed 134724K, reserved 1167360K
  class space    used 16082K, capacity 17597K, committed 17688K, reserved 1048576K
}
Event: 1677,252 GC heap after
{Heap after GC invocations=142 (full 0):
 garbage-first heap   total 425984K, used 125345K [0x0000000080000000, 0x0000000100000000)
  region size 1024K, 1 young (1024K), 1 survivors (1024K)
 Metaspace       used 130441K, capacity 134568K, committed 134724K, reserved 1167360K
  class space    used 16082K, capacity 17597K, committed 17688K, reserved 1048576K
}
Event: 2098,554 GC heap before
{Heap before GC invocations=143 (full 0):
 garbage-first heap   total 425984K, used 156065K [0x0000000080000000, 0x0000000100000000)
  region size 1024K, 20 young (20480K), 1 survivors (1024K)
 Metaspace       used 130476K, capacity 134638K, committed 134980K, reserved 1167360K
  class space    used 16083K, capacity 17598K, committed 17688K, reserved 1048576K
}
Event: 2098,562 GC heap after
{Heap after GC invocations=144 (full 0):
 garbage-first heap   total 425984K, used 124971K [0x0000000080000000, 0x0000000100000000)
  region size 1024K, 1 young (1024K), 1 survivors (1024K)
 Metaspace       used 130476K, capacity 134638K, committed 134980K, reserved 1167360K
  class space    used 16083K, capacity 17598K, committed 17688K, reserved 1048576K
}
Event: 2171,630 GC heap before
{Heap before GC invocations=144 (full 0):
 garbage-first heap   total 425984K, used 143403K [0x0000000080000000, 0x0000000100000000)
  region size 1024K, 20 young (20480K), 1 survivors (1024K)
 Metaspace       used 130497K, capacity 134638K, committed 134980K, reserved 1167360K
  class space    used 16083K, capacity 17598K, committed 17688K, reserved 1048576K
}
Event: 2171,647 GC heap after
{Heap after GC invocations=145 (full 0):
 garbage-first heap   total 425984K, used 120646K [0x0000000080000000, 0x0000000100000000)
  region size 1024K, 2 young (2048K), 2 survivors (2048K)
 Metaspace       used 130497K, capacity 134638K, committed 134980K, reserved 1167360K
  class space    used 16083K, capacity 17598K, committed 17688K, reserved 1048576K
}
Event: 2172,154 GC heap before
{Heap before GC invocations=145 (full 0):
 garbage-first heap   total 425984K, used 138054K [0x0000000080000000, 0x0000000100000000)
  region size 1024K, 20 young (20480K), 2 survivors (2048K)
 Metaspace       used 130537K, capacity 134638K, committed 134980K, reserved 1167360K
  class space    used 16083K, capacity 17598K, committed 17688K, reserved 1048576K
}
Event: 2172,191 GC heap after
{Heap after GC invocations=146 (full 0):
 garbage-first heap   total 425984K, used 124698K [0x0000000080000000, 0x0000000100000000)
  region size 1024K, 3 young (3072K), 3 survivors (3072K)
 Metaspace       used 130537K, capacity 134638K, committed 134980K, reserved 1167360K
  class space    used 16083K, capacity 17598K, committed 17688K, reserved 1048576K
}

